TN:
SF:src/modules/appointments/services/CreateAppointmentService.ts
FN:15,(anonymous_18)
FN:16,CreateAppointmentService
FN:23,(anonymous_20)
FNF:3
FNH:3
FNDA:1,(anonymous_18)
FNDA:2,CreateAppointmentService
FNDA:3,(anonymous_20)
DA:2,1
DA:3,1
DA:4,1
DA:15,1
DA:19,2
DA:23,3
DA:26,3
DA:28,3
DA:31,3
DA:32,3
DA:33,1
DA:39,2
DA:44,2
DA:46,1
DA:48,1
LF:15
LH:15
BRDA:32,0,0,1
BRDA:32,0,1,2
BRF:2
BRH:2
end_of_record
TN:
SF:src/modules/users/services/AuthenticateUserService.ts
FN:22,(anonymous_18)
FN:23,AuthenticateUserService
FN:30,(anonymous_20)
FNF:3
FNH:3
FNDA:2,(anonymous_18)
FNDA:4,AuthenticateUserService
FNDA:4,(anonymous_20)
DA:3,2
DA:5,2
DA:7,2
DA:22,2
DA:25,4
DA:27,4
DA:30,4
DA:32,4
DA:34,4
DA:36,2
DA:42,2
DA:44,2
DA:45,1
DA:51,1
DA:56,1
DA:61,2
DA:63,2
LF:17
LH:17
BRDA:32,0,0,4
BRDA:34,1,0,2
BRDA:34,1,1,2
BRDA:44,2,0,1
BRDA:44,2,1,1
BRF:5
BRH:5
end_of_record
TN:
SF:src/modules/users/services/CreateUserService.ts
FN:17,(anonymous_18)
FN:18,CreateUserService
FN:26,(anonymous_20)
FNF:3
FNH:3
FNDA:2,(anonymous_18)
FNDA:5,CreateUserService
FNDA:6,(anonymous_20)
DA:6,2
DA:7,2
DA:17,2
DA:20,5
DA:22,5
DA:26,6
DA:28,6
DA:30,6
DA:31,1
DA:37,5
DA:39,5
DA:45,5
DA:47,2
DA:49,2
LF:14
LH:14
BRDA:28,0,0,6
BRDA:30,1,0,1
BRDA:30,1,1,5
BRF:3
BRH:3
end_of_record
TN:
SF:src/modules/users/services/updateUserAvatarService.ts
FN:18,(anonymous_18)
FN:19,UpdateUserAvatarService
FN:27,(anonymous_20)
FNF:3
FNH:3
FNDA:1,(anonymous_18)
FNDA:2,UpdateUserAvatarService
FNDA:3,(anonymous_20)
DA:6,1
DA:7,1
DA:18,1
DA:21,2
DA:24,2
DA:27,3
DA:29,3
DA:30,3
DA:31,0
DA:37,3
DA:38,1
DA:41,3
DA:42,3
DA:44,6
DA:46,3
DA:48,1
DA:50,1
LF:17
LH:16
BRDA:29,0,0,3
BRDA:30,1,0,0
BRDA:30,1,1,3
BRDA:37,2,0,1
BRDA:37,2,1,2
BRF:5
BRH:4
end_of_record
