TN:
SF:src/modules/appointments/services/CreateAppointmentService.ts
FN:15,(anonymous_18)
FN:16,CreateAppointmentService
FN:23,(anonymous_20)
FNF:3
FNH:3
FNDA:1,(anonymous_18)
FNDA:2,CreateAppointmentService
FNDA:3,(anonymous_20)
DA:2,1
DA:3,1
DA:4,1
DA:15,1
DA:19,2
DA:23,3
DA:26,3
DA:28,3
DA:31,3
DA:32,3
DA:33,1
DA:39,2
DA:44,2
DA:46,1
DA:48,1
LF:15
LH:15
BRDA:32,0,0,1
BRDA:32,0,1,2
BRF:2
BRH:2
end_of_record
TN:
SF:src/modules/users/services/AuthenticateUserService.ts
FN:21,(anonymous_18)
FN:22,AuthenticateUserService
FN:27,(anonymous_20)
FNF:3
FNH:0
FNDA:0,(anonymous_18)
FNDA:0,AuthenticateUserService
FNDA:0,(anonymous_20)
DA:1,0
DA:3,0
DA:5,0
DA:7,0
DA:21,0
DA:24,0
DA:27,0
DA:29,0
DA:31,0
DA:33,0
DA:39,0
DA:41,0
DA:42,0
DA:48,0
DA:53,0
DA:58,0
DA:60,0
LF:17
LH:0
BRDA:29,0,0,0
BRDA:31,1,0,0
BRDA:31,1,1,0
BRDA:41,2,0,0
BRDA:41,2,1,0
BRF:5
BRH:0
end_of_record
TN:
SF:src/modules/users/services/CreateUserService.ts
FN:16,(anonymous_18)
FN:17,CreateUserService
FN:22,(anonymous_20)
FNF:3
FNH:3
FNDA:2,(anonymous_18)
FNDA:3,CreateUserService
FNDA:4,(anonymous_20)
DA:3,2
DA:5,2
DA:6,2
DA:16,2
DA:19,3
DA:22,4
DA:24,4
DA:26,4
DA:27,1
DA:33,3
DA:35,3
DA:41,3
DA:43,2
DA:45,2
LF:14
LH:14
BRDA:24,0,0,4
BRDA:26,1,0,1
BRDA:26,1,1,3
BRF:3
BRH:3
end_of_record
TN:
SF:src/modules/users/services/updateUserAvatarService.ts
FN:17,(anonymous_18)
FN:18,UpdateUserAvatarService
FN:23,(anonymous_20)
FNF:3
FNH:0
FNDA:0,(anonymous_18)
FNDA:0,UpdateUserAvatarService
FNDA:0,(anonymous_20)
DA:3,0
DA:4,0
DA:5,0
DA:6,0
DA:7,0
DA:17,0
DA:20,0
DA:23,0
DA:25,0
DA:26,0
DA:27,0
DA:33,0
DA:34,0
DA:35,0
DA:37,0
DA:38,0
DA:42,0
DA:44,0
DA:46,0
DA:48,0
DA:50,0
LF:21
LH:0
BRDA:25,0,0,0
BRDA:26,1,0,0
BRDA:26,1,1,0
BRDA:33,2,0,0
BRDA:33,2,1,0
BRDA:37,3,0,0
BRDA:37,3,1,0
BRF:7
BRH:0
end_of_record
